<?xml version="1.0" encoding="UTF-8"?>
<!-- Generated by org.testng.reporters.JUnitReportReporter -->
<testsuite hostname="DESKTOP-CV85T7O" failures="0" tests="1" name="com.rev.admin.tests.AdminLoginTest" time="7.469" errors="0" timestamp="2025-10-17T10:18:36 IST" skipped="0">
  <testcase classname="com.rev.admin.tests.AdminLoginTest" name="adminLoginWithOtpTest" time="7.469"/>
</testsuite> <!-- com.rev.admin.tests.AdminLoginTest -->
